[debug] [2026-03-26T00:46:29.721Z] ----------------------------------------------------------------------
[debug] [2026-03-26T00:46:29.730Z] Command:       C:\Program Files\nodejs\node.exe C:\Users\HashirGamePC\AppData\Roaming\npm\node_modules\firebase-tools\lib\bin\firebase.js init hosting
[debug] [2026-03-26T00:46:29.731Z] CLI Version:   15.11.0
[debug] [2026-03-26T00:46:29.731Z] Platform:      win32
[debug] [2026-03-26T00:46:29.732Z] Node Version:  v24.14.0
[debug] [2026-03-26T00:46:29.732Z] Time:          Wed Mar 25 2026 20:46:29 GMT-0400 (Eastern Daylight Time)
[debug] [2026-03-26T00:46:29.733Z] ----------------------------------------------------------------------
[debug] 
[info] 
     ######## #### ########  ######## ########     ###     ######  ########
     ##        ##  ##     ## ##       ##     ##  ##   ##  ##       ##
     ######    ##  ########  ######   ########  #########  ######  ######
     ##        ##  ##    ##  ##       ##     ## ##     ##       ## ##
     ##       #### ##     ## ######## ########  ##     ##  ######  ########

You're about to initialize a Firebase project in this directory:

  C:\Users\HashirGamePC\Desktop\Stock-Sim\Stock-Sim

[info] 
=== Project Setup
[info] 
[info] First, let's associate this project directory with a Firebase project.
[info] You can create multiple project aliases by running firebase use --add, 
[info] 
[debug] [2026-03-26T00:46:36.614Z] > command requires scopes: ["email","openid","https://www.googleapis.com/auth/cloudplatformprojects.readonly","https://www.googleapis.com/auth/firebase","https://www.googleapis.com/auth/cloud-platform"]
[debug] [2026-03-26T00:46:36.615Z] > authorizing via signed-in user (idiotmethere@gmail.com)
[debug] [2026-03-26T00:46:36.617Z] Checked if tokens are valid: true, expires at: 1774489572794
[debug] [2026-03-26T00:46:36.617Z] Checked if tokens are valid: true, expires at: 1774489572794
[debug] [2026-03-26T00:46:36.620Z] >>> [apiv2][query] GET https://firebase.googleapis.com/v1beta1/projects pageSize=100
[debug] [2026-03-26T00:46:37.253Z] <<< [apiv2][status] GET https://firebase.googleapis.com/v1beta1/projects 200
[debug] [2026-03-26T00:46:37.253Z] <<< [apiv2][body] GET https://firebase.googleapis.com/v1beta1/projects [omitted]
[info] 
=== Hosting Setup
[debug] [2026-03-26T00:46:38.786Z] Checked if tokens are valid: true, expires at: 1774489572794
[debug] [2026-03-26T00:46:38.787Z] Checked if tokens are valid: true, expires at: 1774489572794
[debug] [2026-03-26T00:46:38.787Z] >>> [apiv2][query] GET https://firebase.googleapis.com/v1beta1/projects/paper-trader-b92c0 [none]
[debug] [2026-03-26T00:46:39.337Z] <<< [apiv2][status] GET https://firebase.googleapis.com/v1beta1/projects/paper-trader-b92c0 200
[debug] [2026-03-26T00:46:39.338Z] <<< [apiv2][body] GET https://firebase.googleapis.com/v1beta1/projects/paper-trader-b92c0 {"projectId":"paper-trader-b92c0","projectNumber":"721021960238","displayName":"paper-trader","name":"projects/paper-trader-b92c0","resources":{"hostingSite":"paper-trader-b92c0"},"state":"ACTIVE","etag":"1_d8d1578d-6a21-40e9-b920-1fb15bf05839"}
[info] 
[info] Your public directory is the folder (relative to your project directory) that
[info] will contain Hosting assets to be uploaded with firebase deploy. If you
[info] have a build process for your assets, use your build's output directory.
[info] 
[info] 
[info] i  Detected a .git folder at C:\Users\HashirGamePC\Desktop\Stock-Sim\Stock-Sim 
[info] i  Authorizing with GitHub to upload your service account to a GitHub repository's secrets store. 
[info] 
[info] Visit this URL on this device to log in:
[info] https://github.com/login/oauth/authorize?client_id=89cf50f02ac6aaed3484&state=652058112&redirect_uri=http%3A%2F%2Flocalhost%3A9005&scope=read%3Auser%20repo%20public_repo
[info] 
[info] Waiting for authentication...
[debug] [2026-03-26T00:49:44.002Z] >>> [apiv2][query] POST https://github.com/login/oauth/access_token [none]
[debug] [2026-03-26T00:49:44.002Z] >>> [apiv2][body] POST https://github.com/login/oauth/access_token [stream]
[debug] [2026-03-26T00:49:44.435Z] <<< [apiv2][status] POST https://github.com/login/oauth/access_token 200
[debug] [2026-03-26T00:49:44.436Z] <<< [apiv2][body] POST https://github.com/login/oauth/access_token {"access_token":"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","token_type":"bearer","scope":"read:user,repo"}
[debug] [2026-03-26T00:49:44.450Z] >>> [apiv2][query] GET https://api.github.com/user [none]
[debug] [2026-03-26T00:49:45.017Z] <<< [apiv2][status] GET https://api.github.com/user 200
[debug] [2026-03-26T00:49:45.017Z] <<< [apiv2][body] GET https://api.github.com/user {"login":"qwertyuiop161","id":84034410,"node_id":"MDQ6VXNlcjg0MDM0NDEw","avatar_url":"https://avatars.githubusercontent.com/u/84034410?v=4","gravatar_id":"","url":"https://api.github.com/users/qwertyuiop161","html_url":"https://github.com/qwertyuiop161","followers_url":"https://api.github.com/users/qwertyuiop161/followers","following_url":"https://api.github.com/users/qwertyuiop161/following{/other_user}","gists_url":"https://api.github.com/users/qwertyuiop161/gists{/gist_id}","starred_url":"https://api.github.com/users/qwertyuiop161/starred{/owner}{/repo}","subscriptions_url":"https://api.github.com/users/qwertyuiop161/subscriptions","organizations_url":"https://api.github.com/users/qwertyuiop161/orgs","repos_url":"https://api.github.com/users/qwertyuiop161/repos","events_url":"https://api.github.com/users/qwertyuiop161/events{/privacy}","received_events_url":"https://api.github.com/users/qwertyuiop161/received_events","type":"User","user_view_type":"private","site_admin":false,"name":null,"company":null,"blog":"","location":null,"email":null,"hireable":null,"bio":null,"twitter_username":null,"notification_email":null,"public_repos":5,"public_gists":0,"followers":1,"following":1,"created_at":"2021-05-11T16:18:28Z","updated_at":"2026-03-06T18:02:30Z","private_gists":1,"total_private_repos":0,"owned_private_repos":0,"disk_usage":50341,"collaborators":0,"two_factor_authentication":false,"plan":{"name":"free","space":976562499,"collaborators":0,"private_repos":10000}}
[info] 
[info] +  Success! Logged into GitHub as qwertyuiop161 
[info] 
[debug] [2026-03-26T00:50:02.717Z] >>> [apiv2][query] GET https://api.github.com/repos/repository/actions/secrets/public-key type=owner
[debug] [2026-03-26T00:50:02.805Z] <<< [apiv2][status] GET https://api.github.com/repos/repository/actions/secrets/public-key 404
[debug] [2026-03-26T00:50:02.805Z] <<< [apiv2][body] GET https://api.github.com/repos/repository/actions/secrets/public-key {"message":"Not Found","documentation_url":"https://docs.github.com/rest","status":"404"}
[info] 
[info] 
[error] !  The provided authorization cannot be used with this repository. If this repository is in an organization, did you remember to grant access? 
[info] 
[info] i  Action required: Visit this URL to ensure access has been granted to the appropriate organization(s) for the Firebase CLI GitHub OAuth App: 
[info] https://github.com/settings/connections/applications/89cf50f02ac6aaed3484
[info] 
[debug] [2026-03-26T00:50:18.325Z] >>> [apiv2][query] GET https://api.github.com/repos/Stock-Sim/actions/secrets/public-key type=owner
[debug] [2026-03-26T00:50:18.401Z] <<< [apiv2][status] GET https://api.github.com/repos/Stock-Sim/actions/secrets/public-key 404
[debug] [2026-03-26T00:50:18.401Z] <<< [apiv2][body] GET https://api.github.com/repos/Stock-Sim/actions/secrets/public-key {"message":"Not Found","documentation_url":"https://docs.github.com/rest","status":"404"}
[info] 
[info] 
[error] !  The provided authorization cannot be used with this repository. If this repository is in an organization, did you remember to grant access? 
[info] 
[info] i  Action required: Visit this URL to ensure access has been granted to the appropriate organization(s) for the Firebase CLI GitHub OAuth App: 
[info] https://github.com/settings/connections/applications/89cf50f02ac6aaed3484
[info] 
[debug] [2026-03-26T00:51:52.959Z] ----------------------------------------------------------------------
[debug] [2026-03-26T00:51:52.974Z] Command:       C:\Program Files\nodejs\node.exe C:\Users\HashirGamePC\AppData\Roaming\npm\node_modules\firebase-tools\lib\bin\firebase.js init hosting
[debug] [2026-03-26T00:51:52.975Z] CLI Version:   15.11.0
[debug] [2026-03-26T00:51:52.976Z] Platform:      win32
[debug] [2026-03-26T00:51:52.976Z] Node Version:  v24.14.0
[debug] [2026-03-26T00:51:52.977Z] Time:          Wed Mar 25 2026 20:51:52 GMT-0400 (Eastern Daylight Time)
[debug] [2026-03-26T00:51:52.977Z] ----------------------------------------------------------------------
[debug] 
[info] 
     ######## #### ########  ######## ########     ###     ######  ########
     ##        ##  ##     ## ##       ##     ##  ##   ##  ##       ##
     ######    ##  ########  ######   ########  #########  ######  ######
     ##        ##  ##    ##  ##       ##     ## ##     ##       ## ##
     ##       #### ##     ## ######## ########  ##     ##  ######  ########

You're about to initialize a Firebase project in this directory:

  C:\Users\HashirGamePC\Desktop\Stock-Sim\Stock-Sim

[debug] [2026-03-26T00:52:23.968Z] ExitPromptError: User force closed the prompt with SIGINT
    at Interface.sigint (C:\Users\HashirGamePC\AppData\Roaming\npm\node_modules\firebase-tools\node_modules\@inquirer\core\dist\commonjs\lib\create-prompt.js:101:37)
    at Interface.emit (node:events:508:28)
    at [_ttyWrite] [as _ttyWrite] (node:internal/readline/interface:1327:18)
    at ReadStream.onkeypress (node:internal/readline/interface:284:20)
    at ReadStream.emit (node:events:520:35)
    at emitKeys (node:internal/readline/utils:371:14)
    at emitKeys.next (<anonymous>)
    at ReadStream.onData (node:internal/readline/emitKeypressEvents:64:36)
    at ReadStream.emit (node:events:508:28)
    at addChunk (node:internal/streams/readable:563:12)
[error] 
[error] Error: An unexpected error has occurred.
[debug] [2026-03-26T00:52:46.906Z] ----------------------------------------------------------------------
[debug] [2026-03-26T00:52:46.917Z] Command:       C:\Program Files\nodejs\node.exe C:\Users\HashirGamePC\AppData\Roaming\npm\node_modules\firebase-tools\lib\bin\firebase.js init hosting
[debug] [2026-03-26T00:52:46.918Z] CLI Version:   15.11.0
[debug] [2026-03-26T00:52:46.919Z] Platform:      win32
[debug] [2026-03-26T00:52:46.920Z] Node Version:  v24.14.0
[debug] [2026-03-26T00:52:46.920Z] Time:          Wed Mar 25 2026 20:52:46 GMT-0400 (Eastern Daylight Time)
[debug] [2026-03-26T00:52:46.921Z] ----------------------------------------------------------------------
[debug] 
[info] 
     ######## #### ########  ######## ########     ###     ######  ########
     ##        ##  ##     ## ##       ##     ##  ##   ##  ##       ##
     ######    ##  ########  ######   ########  #########  ######  ######
     ##        ##  ##    ##  ##       ##     ## ##     ##       ## ##
     ##       #### ##     ## ######## ########  ##     ##  ######  ########

You're about to initialize a Firebase project in this directory:

  C:\Users\HashirGamePC\Desktop\Stock-Sim\Stock-Sim

[info] 
=== Project Setup
[info] 
[info] First, let's associate this project directory with a Firebase project.
[info] You can create multiple project aliases by running firebase use --add, 
[info] 
[debug] [2026-03-26T00:53:05.793Z] > command requires scopes: ["email","openid","https://www.googleapis.com/auth/cloudplatformprojects.readonly","https://www.googleapis.com/auth/firebase","https://www.googleapis.com/auth/cloud-platform"]
[debug] [2026-03-26T00:53:05.794Z] > authorizing via signed-in user (idiotmethere@gmail.com)
[debug] [2026-03-26T00:53:05.797Z] Checked if tokens are valid: true, expires at: 1774489572794
[debug] [2026-03-26T00:53:05.798Z] Checked if tokens are valid: true, expires at: 1774489572794
[debug] [2026-03-26T00:53:05.802Z] >>> [apiv2][query] GET https://firebase.googleapis.com/v1beta1/projects/paper-trader-b92c0 [none]
[debug] [2026-03-26T00:53:06.283Z] <<< [apiv2][status] GET https://firebase.googleapis.com/v1beta1/projects/paper-trader-b92c0 200
[debug] [2026-03-26T00:53:06.284Z] <<< [apiv2][body] GET https://firebase.googleapis.com/v1beta1/projects/paper-trader-b92c0 {"projectId":"paper-trader-b92c0","projectNumber":"721021960238","displayName":"paper-trader","name":"projects/paper-trader-b92c0","resources":{"hostingSite":"paper-trader-b92c0"},"state":"ACTIVE","etag":"1_d8d1578d-6a21-40e9-b920-1fb15bf05839"}
[info] i  Using project paper-trader-b92c0 (paper-trader) . 
[info] 
=== Hosting Setup
[debug] [2026-03-26T00:53:06.353Z] Checked if tokens are valid: true, expires at: 1774489572794
[debug] [2026-03-26T00:53:06.353Z] Checked if tokens are valid: true, expires at: 1774489572794
[debug] [2026-03-26T00:53:06.354Z] >>> [apiv2][query] GET https://firebase.googleapis.com/v1beta1/projects/paper-trader-b92c0 [none]
[debug] [2026-03-26T00:53:06.567Z] <<< [apiv2][status] GET https://firebase.googleapis.com/v1beta1/projects/paper-trader-b92c0 200
[debug] [2026-03-26T00:53:06.568Z] <<< [apiv2][body] GET https://firebase.googleapis.com/v1beta1/projects/paper-trader-b92c0 {"projectId":"paper-trader-b92c0","projectNumber":"721021960238","displayName":"paper-trader","name":"projects/paper-trader-b92c0","resources":{"hostingSite":"paper-trader-b92c0"},"state":"ACTIVE","etag":"1_d8d1578d-6a21-40e9-b920-1fb15bf05839"}
[info] 
[info] Your public directory is the folder (relative to your project directory) that
[info] will contain Hosting assets to be uploaded with firebase deploy. If you
[info] have a build process for your assets, use your build's output directory.
[info] 
[info] 
[info] i  Detected a .git folder at C:\Users\HashirGamePC\Desktop\Stock-Sim\Stock-Sim 
[info] i  Authorizing with GitHub to upload your service account to a GitHub repository's secrets store. 
[info] 
[info] Visit this URL on this device to log in:
[info] https://github.com/login/oauth/authorize?client_id=89cf50f02ac6aaed3484&state=29939850&redirect_uri=http%3A%2F%2Flocalhost%3A9005&scope=read%3Auser%20repo%20public_repo
[info] 
[info] Waiting for authentication...
[debug] [2026-03-26T00:53:20.528Z] >>> [apiv2][query] POST https://github.com/login/oauth/access_token [none]
[debug] [2026-03-26T00:53:20.529Z] >>> [apiv2][body] POST https://github.com/login/oauth/access_token [stream]
[debug] [2026-03-26T00:53:20.741Z] <<< [apiv2][status] POST https://github.com/login/oauth/access_token 200
[debug] [2026-03-26T00:53:20.742Z] <<< [apiv2][body] POST https://github.com/login/oauth/access_token {"access_token":"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","token_type":"bearer","scope":"read:user,repo"}
[debug] [2026-03-26T00:53:20.753Z] >>> [apiv2][query] GET https://api.github.com/user [none]
[debug] [2026-03-26T00:53:20.912Z] <<< [apiv2][status] GET https://api.github.com/user 200
[debug] [2026-03-26T00:53:20.912Z] <<< [apiv2][body] GET https://api.github.com/user {"login":"qwertyuiop161","id":84034410,"node_id":"MDQ6VXNlcjg0MDM0NDEw","avatar_url":"https://avatars.githubusercontent.com/u/84034410?v=4","gravatar_id":"","url":"https://api.github.com/users/qwertyuiop161","html_url":"https://github.com/qwertyuiop161","followers_url":"https://api.github.com/users/qwertyuiop161/followers","following_url":"https://api.github.com/users/qwertyuiop161/following{/other_user}","gists_url":"https://api.github.com/users/qwertyuiop161/gists{/gist_id}","starred_url":"https://api.github.com/users/qwertyuiop161/starred{/owner}{/repo}","subscriptions_url":"https://api.github.com/users/qwertyuiop161/subscriptions","organizations_url":"https://api.github.com/users/qwertyuiop161/orgs","repos_url":"https://api.github.com/users/qwertyuiop161/repos","events_url":"https://api.github.com/users/qwertyuiop161/events{/privacy}","received_events_url":"https://api.github.com/users/qwertyuiop161/received_events","type":"User","user_view_type":"private","site_admin":false,"name":null,"company":null,"blog":"","location":null,"email":null,"hireable":null,"bio":null,"twitter_username":null,"notification_email":null,"public_repos":5,"public_gists":0,"followers":1,"following":1,"created_at":"2021-05-11T16:18:28Z","updated_at":"2026-03-06T18:02:30Z","private_gists":1,"total_private_repos":0,"owned_private_repos":0,"disk_usage":50341,"collaborators":0,"two_factor_authentication":false,"plan":{"name":"free","space":976562499,"collaborators":0,"private_repos":10000}}
[info] 
[info] +  Success! Logged into GitHub as qwertyuiop161 
[info] 
